<?xml version="1.0" encoding="UTF-8"?>
<testng-results ignored="0" total="1" passed="1" failed="0" skipped="0">
  <reporter-output>
  </reporter-output>
  <suite started-at="2025-03-18T10:36:42 IST" name="Default suite" finished-at="2025-03-18T10:36:45 IST" duration-ms="3682">
    <groups>
    </groups>
    <test started-at="2025-03-18T10:36:42 IST" name="Default test" finished-at="2025-03-18T10:36:45 IST" duration-ms="3682">
      <class name="runner.ReadDataPojoTest">
        <test-method signature="test()[pri:0, instance:runner.ReadDataPojoTest@5b7a8434]" started-at="2025-03-18T10:36:42 IST" name="test" finished-at="2025-03-18T10:36:45 IST" duration-ms="3580" status="PASS">
          <reporter-output>
          </reporter-output>
        </test-method> <!-- test -->
      </class> <!-- runner.ReadDataPojoTest -->
    </test> <!-- Default test -->
  </suite> <!-- Default suite -->
</testng-results>
